Build log Z:\shared\workspace\lonworks\demo\cover\Release\cover.log
Created Monday, September 30, 2013, at 16:10:12

Build due for component Neuron (R) C Compiler, reason: File Z:\SHARED\WORKSPACE\LONWORKS\DEMO\COVER\COVER.NC is present but modified
Requesting build from Neuron (R) C Compiler
Compiling...
Neuron (R) C Compiler: Z:\shared\workspace\lonworks\demo\cover\cover.nc
Warning: Z:\SHARED\WORKSPACE\LONWORKS\DEMO\COVER\COVER.NC  195( 16):
        The NVT (Network Variable Type) is obsolete [NCC#554]
Compiling Z:\shared\workspace\lonworks\demo\cover\cover.nc succeeded with result code 0.
Requesting build from Neuron (R) Assembler
Assembling...
Neuron (R) Assembler: Z:\shared\workspace\lonworks\demo\cover\Release\IM\cover.ns
Assembling Z:\shared\workspace\lonworks\demo\cover\Release\IM\cover.ns succeeded with result code 0.
Requesting build from Neuron (R) Linker
Linking...
Neuron (R) Linker: cover
Linking cover::Release succeeded with result code 0.
                       LIST OF MEMORY AREAS
  * AREA *                    * ALLOCATED *         * UNUSED *
                             From  To   Len       From  To   Len
SYSTEM IMAGE ROM             0000 3FFF 4000        - RESERVED - 
OffChip NVRAM  (EECODE)      4000 48FF 0900       48FE 48FF 0002
OffChip NVRAM  (Pool)         - AVAILABLE -       4900 DFFF 9700
OffChip RAM    (Pool)         - AVAILABLE -       E000 E4FF 0500
OffChip RAMFAR               E500 E7FF 0300       E500 E556 0057
OnChip  RAM    (System)      E800 ECEE 04EF          - NONE -   
OnChip  RAM    (Pool)         - AVAILABLE -       ECEF EFD0 02E2
OnChip  RAMNEAR              EFD1 EFFF 002F          - NONE -   
OnChip  EEPROM (Prolog)      F000 F02D 002E          - NONE -   
OnChip  EEPROM (Config)      F02E F102 00D5          - NONE -   
OnChip  EECODE               F103 F108 0006       F103 F108 0006
OnChip  EEPROM (MemCtl)      F109 F116 000E          - NONE -   
OnChip  EEPROM (Pool)         - AVAILABLE -       F117 F7F6 06E0
OnChip  EENEAR               F7F7 F7FE 0008       F7F7 F7FD 0007
OnChip  EEPROM (Epilog)      F7FF F7FF 0001          - NONE -   
End of Memory Area List
Link Memory Usage Statistics:
EEPROM Usage:  (not necessarily in order of physical layout)
               (includes application use of external NVRAM)
        System Data and Parameters          89 bytes
        Domain and Address Tables          105 bytes
        Network Variable Config Tables      82 bytes
        Onchip Data Area Fragmentation       7 bytes
        Application EEPROM Variables         1 byte
        Library EEPROM Variables             0 bytes
        Application Code and Const Data   1788 bytes
        Library Code and Const Data        271 bytes
        Self-Identification Data           241 bytes
                                         -----
        Total EEPROM Requirement          2584 bytes
        Remaining EEPROM                 40424 bytes
RAM Usage:      (not necessarily in order of physical layout)
        System Data and Parameters         701 bytes
        Transaction Control Blocks         134 bytes
        Appl Timers and I/O Change Events    4 bytes
        Network and Application Buffers    424 bytes
        Application RAM Variables          728 bytes
        Library RAM Variables                0 bytes
                                         -----
        Total RAM Requirement             1991 bytes
        Remaining RAM                     2105 bytes
Successfully linked for FT 5000.
        Memory Map (9 bytes of System EEPROM) supports extended memory.
                This amount varies by the firmware version.
        Extended Version Number (4 bytes) varies by firmware version.
        Onchip EEPROM Data Fragmentation (7 bytes) varies by Neuron model.
        System Upper EEPROM Area (1 byte) varies by firmware version.
        Priority outgoing message transaction control block uses 28 bytes of RAM.
                Of this amount, 10 bytes varies by firmware version.
        Some system RAM usage, for System Data and Transaction Blocks
                (totaling 309 bytes) varies by the Neuron model, the
                firmware version, and the number of receive
                transaction control blocks.
        Default buffer counts vary by Neuron model
                (resulting in an additional 124 bytes of RAM).
        NVRAM Signature  = 0000 @ 4000 .. 4001
End of Link Statistics
Requesting build from Neuron (R) Exporter
Exporting...
Neuron (R) Exporter: cover
Creating 'Z:\shared\workspace\lonworks\demo\cover\Release\cover.NXE'... Done.
Creating 'Z:\shared\workspace\lonworks\demo\cover\Release\cover.XIF'... Done.
Creating 'Z:\shared\workspace\lonworks\demo\cover\Release\cover.XFB'... Done.
Creating 'Z:\shared\workspace\lonworks\demo\cover\Release\cover.APB'... Done.
Creating 'Z:\shared\workspace\lonworks\demo\cover\Release\cover.NDL'... Done.
Creating 'Z:\shared\workspace\lonworks\demo\cover\Release\cover.NME'... Done.
Exporting cover succeeded with result code 0.
C:\LONWORKS\NEURONC\INCLUDE\BPLATE.NS
C:\LONWORKS\NEURONC\INCLUDE\ECHELON.H
C:\LONWORKS\NEURONC\INCLUDE\MODNVLEN.H
Z:\SHARED\WORKSPACE\LONWORKS\DEMO\COVER\COVER.H
Z:\SHARED\WORKSPACE\LONWORKS\DEMO\COVER\COMMON.H
C:\LONWORKS\NODEBUILDER\CODEWIZARD\INCLUDE\CODEWIZARD.H
C:\LONWORKS\NEURONC\INCLUDE\STDDEF.H
C:\LONWORKS\NEURONC\INCLUDE\SNVT_RQ.H
C:\LONWORKS\NEURONC\INCLUDE\S32.H
C:\LONWORKS\NEURONC\INCLUDE\FLOAT.H
C:\LONWORKS\NEURONC\INCLUDE\CONTROL.H
Z:\SHARED\WORKSPACE\LONWORKS\DEMO\COVER\FILESYS.H
C:\LONWORKS\NEURONC\INCLUDE\SNVT_FR.H
C:\LONWORKS\NEURONC\INCLUDE\SNVT_FS.H
Z:\SHARED\WORKSPACE\LONWORKS\DEMO\COVER\NODEOBJECT.H
Z:\SHARED\WORKSPACE\LONWORKS\DEMO\COVER\NODEOBJECT.NC
Z:\SHARED\WORKSPACE\LONWORKS\DEMO\COVER\COMMON.NC
Z:\SHARED\WORKSPACE\LONWORKS\DEMO\COVER\MACROS.H
Z:\SHARED\WORKSPACE\LONWORKS\DEMO\COVER\USART.NC
C:\LONWORKS\NEURONC\INCLUDE\IO_TYPES.H
Z:\SHARED\WORKSPACE\LONWORKS\DEMO\COVER\IEC103.H
